15/12/2013 16:45:10 Entr√©e dans Login.php
15/12/2013 18:42:51 Entr√©e dans Login.php
15/12/2013 18:43:35 Entr√©e dans Login.php
15/12/2013 18:43:38 Entr√©e dans Login.php
15/12/2013 18:43:47 Entr√©e dans Login.php
15/12/2013 18:43:50 Entr√©e dans Login.php
15/12/2013 18:44:00 Entr√©e dans Login.php
15/12/2013 18:44:27 Entr√©e dans Login.php
15/12/2013 18:44:28 Entr√©e dans Login.php
15/12/2013 18:44:56 Entr√©e dans Login.php
15/12/2013 18:45:29 Entr√©e dans Login.php
15/12/2013 18:45:48 Entr√©e dans Login.php
15/12/2013 18:46:10 Entree dans Login.php
15/12/2013 18:46:23 Entree dans Login.php
15/12/2013 18:46:24 Entree dans Login.php
15/12/2013 18:46:36 Entree dans Login.php
15/12/2013 18:46:37 Entree dans Login.php
15/12/2013 18:46:37 Entree dans Login.php
15/12/2013 18:46:57 Entree dans Login.php
15/12/2013 18:47:15 Entree dans Login.php
15/12/2013 18:47:15 Entree dans Login.php
15/12/2013 18:47:15 Entree dans Login.php
15/12/2013 18:48:19 Entree dans Login.php
15/12/2013 18:48:48 Entree dans Login.php
15/12/2013 18:48:48 Ouverture de la connexion √† la base de donn√©es.
15/12/2013 18:50:35 Entree dans Login.php
15/12/2013 18:50:35 Ouverture de la connexion √† la base de donn√©es.
15/12/2013 18:51:00 Entree dans Login.php
15/12/2013 18:51:00 Ouverture de la connexion √† la base de donn√©es.
15/12/2013 18:51:13 Entree dans Login.php
15/12/2013 18:51:13 Ouverture de la connexion √† la base de donn√©es.
15/12/2013 18:51:20 Entree dans Login.php
15/12/2013 18:51:20 Ouverture de la connexion √† la base de donn√©es.
15/12/2013 18:51:35 Entree dans Login.php
15/12/2013 18:51:35 Ouverture de la connexion √† la base de donn√©es.
15/12/2013 18:51:46 Entree dans Login.php
15/12/2013 18:51:46 Ouverture de la connexion √† la base de donn√©es.
15/12/2013 18:52:07 Entree dans Login.php
15/12/2013 18:52:07 Ouverture de la connexion √† la base de donn√©es.
15/12/2013 18:52:22 Entree dans Login.php
15/12/2013 18:52:22 Ouverture de la connexion √† la base de donn√©es.
15/12/2013 18:52:55 Entree dans Login.php
15/12/2013 18:52:55 Ouverture de la connexion √† la base de donn√©es.
15/12/2013 18:53:26 Entree dans Login.php
15/12/2013 18:53:26 Ouverture de la connexion √† la base de donn√©es.
15/12/2013 18:53:35 Entree dans Login.php
15/12/2013 18:53:35 Ouverture de la connexion √† la base de donn√©es.
15/12/2013 18:53:43 Entree dans Login.php
15/12/2013 18:53:43 Ouverture de la connexion √† la base de donn√©es.
15/12/2013 18:53:53 Entree dans Login.php
15/12/2013 18:53:53 Ouverture de la connexion √† la base de donn√©es.
15/12/2013 18:54:12 Entree dans Login.php
15/12/2013 18:54:12 Ouverture de la connexion √† la base de donn√©es.
15/12/2013 18:54:31 Entree dans Login.php
15/12/2013 18:54:31 Ouverture de la connexion √† la base de donn√©es.
15/12/2013 18:54:49 Entree dans Login.php
15/12/2013 18:54:49 Ouverture de la connexion √† la base de donn√©es.
15/12/2013 18:55:31 Entree dans Login.php
15/12/2013 18:55:31 Ouverture de la connexion √† la base de donn√©es.
15/12/2013 18:55:48 Entree dans Login.php
15/12/2013 18:55:48 Ouverture de la connexion √† la base de donn√©es.
15/12/2013 18:56:12 Entree dans Login.php
15/12/2013 18:56:12 Ouverture de la connexion √† la base de donn√©es.
15/12/2013 18:56:52 Entree dans Login.php
15/12/2013 18:56:53 Ouverture de la connexion √† la base de donn√©es.
15/12/2013 18:57:44 Entree dans Login.php
15/12/2013 18:57:44 Ouverture de la connexion √† la base de donn√©es.
15/12/2013 18:58:56 Entree dans Login.php
15/12/2013 18:58:56 Ouverture de la connexion √† la base de donn√©es.
15/12/2013 18:59:38 Entree dans Login.php
15/12/2013 18:59:38 Ouverture de la connexion √† la base de donn√©es.
15/12/2013 18:59:53 Entree dans Login.php
15/12/2013 18:59:53 Ouverture de la connexion √† la base de donn√©es.
15/12/2013 19:00:27 Entree dans Login.php
15/12/2013 19:00:27 Ouverture de la connexion √† la base de donn√©es.
15/12/2013 19:00:38 Entree dans Login.php
15/12/2013 19:00:38 Ouverture de la connexion √† la base de donn√©es.
15/12/2013 19:01:57 Entree dans Login.php
15/12/2013 19:01:57 Ouverture de la connexion √† la base de donn√©es.
15/12/2013 19:02:03 Entree dans Login.php
15/12/2013 19:02:03 Ouverture de la connexion √† la base de donn√©es.
15/12/2013 19:02:42 Entree dans Login.php
15/12/2013 19:02:42 Ouverture de la connexion √† la base de donn√©es.
15/12/2013 19:03:45 Entree dans Login.php
15/12/2013 19:03:45 Ouverture de la connexion √† la base de donn√©es.
15/12/2013 19:04:33 Entree dans Login.php
15/12/2013 19:04:33 Ouverture de la connexion √† la base de donn√©es.
15/12/2013 19:05:37 Entree dans Login.php
15/12/2013 19:05:37 Ouverture de la connexion √† la base de donn√©es.
15/12/2013 19:05:49 Entree dans Login.php
15/12/2013 19:05:49 Ouverture de la connexion √† la base de donn√©es.
15/12/2013 19:06:57 Entree dans Login.php
15/12/2013 19:06:57 Ouverture de la connexion √† la base de donn√©es.
15/12/2013 19:08:15 Entree dans Login.php
15/12/2013 19:08:15 Ouverture de la connexion √† la base de donn√©es.
15/12/2013 19:09:14 Entree dans Login.php
15/12/2013 19:09:14 Ouverture de la connexion √† la base de donn√©es.
15/12/2013 19:09:34 Entree dans Login.php
15/12/2013 19:09:34 Ouverture de la connexion √† la base de donn√©es.
15/12/2013 19:09:54 Entree dans Login.php
15/12/2013 19:09:54 Ouverture de la connexion √† la base de donn√©es.
15/12/2013 19:10:12 Entree dans Login.php
15/12/2013 19:10:12 Ouverture de la connexion √† la base de donn√©es.
15/12/2013 19:12:45 Entree dans Login.php
15/12/2013 19:12:45 Ouverture de la connexion √† la base de donn√©es.
15/12/2013 19:13:23 Entree dans Login.php
15/12/2013 19:13:23 Ouverture de la connexion √† la base de donn√©es.
15/12/2013 20:52:43 Entree dans ActionLogin.php
15/12/2013 20:52:43 Ouverture de la connexion √† la base de donn√©es.
15/12/2013 20:52:44 EntrÈe dans AfficherListeTournois.php
15/12/2013 20:52:44 Ouverture de la connexion ‡ la base de donnÈes.
15/12/2013 20:55:00 Entree dans ActionLogin.php
15/12/2013 20:55:00 Ouverture de la connexion √† la base de donn√©es.
15/12/2013 20:55:01 EntrÈe dans AfficherListeTournois.php
15/12/2013 20:55:01 Ouverture de la connexion ‡ la base de donnÈes.
15/12/2013 21:24:11 Entree dans ActionLogin.php
15/12/2013 21:24:11 Ouverture de la connexion √† la base de donn√©es.
15/12/2013 21:24:12 EntrÈe dans AfficherListeTournois.php
15/12/2013 21:24:12 Ouverture de la connexion ‡ la base de donnÈes.
